Arguments: 
  /Users/joer/.nvm/versions/node/v14.11.0/bin/node /Users/joer/.yarn/bin/yarn.js add -D @babel/core @babel/cli

PATH: 
  /Users/joer/.yarn/bin:/Users/joer/.config/yarn/global/node_modules/.bin:/Users/joer/development/flutter/bin:/Users/joer/.nvm/versions/node/v14.11.0/bin:/Library/Frameworks/Python.framework/Versions/3.7/bin:/usr/local/bin:/usr/bin:/bin:/usr/sbin:/sbin:/Library/Frameworks/Mono.framework/Versions/Current/Commands:/Users/joer/.cargo/bin:/Applications/SWI-Prolog.app/Contents/swipl/bin:/usr/local/mysql/bin:/usr/local/mysql/support-files

Yarn version: 
  1.22.5

Node version: 
  14.11.0

Platform: 
  darwin x64

Trace: 
  Error: unexpected end of file
      at Zlib.zlibOnError [as onerror] (zlib.js:180:17)

npm manifest: 
  {
    "name": "babel-test",
    "version": "1.0.0",
    "main": "index.js",
    "license": "MIT"
  }

yarn manifest: 
  No manifest

Lockfile: 
  No lockfile
